<?xml version="1.0" encoding="UTF-8"?>
<!-- Generated by org.testng.reporters.JUnitReportReporter -->
<testsuite hostname="DESKTOP-L5ILK17" failures="0" tests="1" name="com.application.testcases.Login_OpenCart" time="104.567" errors="0" timestamp="2021-04-20T12:36:30 IST" skipped="0">
  <testcase classname="com.application.testcases.Login_OpenCart" name="Login" time="104.567"/>
  <system-out/>
</testsuite> <!-- com.application.testcases.Login_OpenCart -->
